[21.08.2020 13:10:40] [DELETE] Delete element #96
[21.08.2020 13:10:40] [DELETE] Delete element #97
[21.08.2020 13:10:40] [DELETE] Delete element #98
[21.08.2020 13:10:40] [DELETE] Delete element #99
[21.08.2020 13:10:40] [DELETE] Delete element #100
[21.08.2020 13:10:40] [DELETE] Delete element #101
[21.08.2020 13:10:40] [DELETE] Delete element #102
[21.08.2020 13:10:40] [DELETE] Delete element #103
[21.08.2020 13:10:40] [DELETE] Delete element #104
[21.08.2020 13:10:40] [DELETE] Delete element #105
[21.08.2020 13:10:40] [DELETE] Delete element #106
[21.08.2020 13:10:40] [DELETE] Delete element #107
[21.08.2020 13:10:40] [DELETE] Delete element #108
[21.08.2020 13:10:40] [DELETE] Delete element #109
[21.08.2020 13:10:41] [DELETE] Delete element #110
[21.08.2020 13:10:41] [DELETE] Delete element #111
[21.08.2020 13:10:41] [DELETE] Delete element #112
[21.08.2020 13:10:41] [DELETE] Delete element #113
[21.08.2020 13:10:41] [DELETE] Delete element #114
[21.08.2020 13:10:41] [DELETE] Delete element #115
[21.08.2020 13:10:41] [DELETE] Delete element #116
[21.08.2020 13:10:41] [DELETE] Delete element #117
[21.08.2020 13:10:41] [DELETE] Delete element #118
[21.08.2020 13:10:41] [DELETE] Delete element #119
[21.08.2020 13:10:41] [DELETE] Delete element #120
[21.08.2020 13:10:41] [DELETE] Delete element #121
[21.08.2020 13:10:41] [DELETE] Delete element #122
[21.08.2020 13:10:41] [DELETE] Delete element #123
[21.08.2020 13:10:41] [DELETE] Delete element #124
[21.08.2020 13:10:41] [DELETE] Delete element #125
[21.08.2020 13:10:41] [DELETE] Delete element #126
[21.08.2020 13:10:41] [DELETE] Delete element #127
[21.08.2020 13:10:41] [DELETE] Delete element #128
[21.08.2020 13:10:41] [DELETE] Delete element #129
[21.08.2020 13:10:41] [DELETE] Delete element #130
[21.08.2020 13:10:41] [DELETE] Delete element #131
[21.08.2020 13:10:41] [DELETE] Delete element #132
[21.08.2020 13:10:41] [DELETE] Delete element #133
[21.08.2020 13:10:41] [DELETE] Delete element #134
[21.08.2020 13:10:41] [DELETE] Delete element #135
[21.08.2020 13:10:41] [DELETE] Delete element #136
[21.08.2020 13:10:41] [DELETE] Delete element #137
[21.08.2020 13:10:41] [DELETE] Delete element #138
[21.08.2020 13:10:41] [DELETE] Delete element #139
[21.08.2020 13:10:41] [DELETE] Delete element #140
[21.08.2020 13:10:41] [DELETE] Delete element #141
[21.08.2020 13:10:42] [DELETE] Delete element #142
[21.08.2020 13:10:42] [DELETE] Delete element #143
[21.08.2020 13:10:42] [DELETE] Delete element #144
[21.08.2020 13:10:42] [DELETE] Delete element #145
[21.08.2020 13:10:42] [DELETE] Delete element #146
[21.08.2020 13:10:42] [DELETE] Delete element #147
[21.08.2020 13:10:42] [DELETE] Delete element #148
[21.08.2020 13:10:42] [DELETE] Delete element #149
[21.08.2020 13:10:42] [DELETE] Delete element #150
[21.08.2020 13:10:42] [DELETE] Delete element #151
[21.08.2020 13:10:42] [DELETE] Delete element #152
[21.08.2020 13:10:42] [DELETE] Delete element #153
[21.08.2020 13:10:42] [DELETE] Delete element #154
[21.08.2020 13:10:42] [DELETE] Delete element #155
[21.08.2020 13:10:42] [DELETE] Delete element #156
[21.08.2020 13:10:42] [DELETE] Delete element #157
[21.08.2020 13:10:42] [DELETE] Delete element #158
[21.08.2020 13:10:42] [DELETE] Delete element #159
[21.08.2020 13:10:42] [DELETE] Delete element #160
[21.08.2020 13:10:42] [DELETE] Delete element #161
[21.08.2020 13:10:42] [DELETE] Delete element #162
[21.08.2020 13:10:42] [DELETE] Delete element #163
[21.08.2020 13:10:42] [DELETE] Delete element #164
[21.08.2020 13:10:42] [DELETE] Delete element #165
[21.08.2020 13:10:42] [DELETE] Delete element #166
[21.08.2020 13:10:42] [DELETE] Delete element #167
[21.08.2020 13:10:42] [DELETE] Delete element #168
[21.08.2020 13:10:42] [DELETE] Delete element #169
[21.08.2020 13:10:42] [DELETE] Delete element #170
[21.08.2020 13:10:42] [DELETE] Delete element #171
[21.08.2020 13:10:42] [DELETE] Delete element #172
[21.08.2020 13:10:42] [DELETE] Delete element #173
[21.08.2020 13:10:42] [DELETE] Delete element #174
[21.08.2020 13:10:42] [DELETE] Delete element #175
[21.08.2020 13:10:43] [DELETE] Delete element #176
[21.08.2020 13:10:43] [DELETE] Delete element #177
[24.08.2020 09:03:12] [DELETE] Delete element #217
[24.08.2020 09:03:12] [DELETE] Delete element #218
[24.08.2020 09:03:12] [DELETE] Delete element #219
[24.08.2020 09:03:12] [DELETE] Delete element #220
[24.08.2020 09:03:12] [DELETE] Delete element #221
[24.08.2020 09:03:12] [DELETE] Delete element #222
[24.08.2020 09:03:12] [DELETE] Delete element #223
[24.08.2020 09:03:12] [DELETE] Delete element #224
[24.08.2020 09:03:12] [DELETE] Delete element #225
[24.08.2020 09:03:12] [DELETE] Delete element #226
[24.08.2020 09:03:12] [DELETE] Delete element #227
[24.08.2020 09:03:12] [DELETE] Delete element #228
[24.08.2020 09:03:12] [DELETE] Delete element #229
[24.08.2020 09:03:12] [DELETE] Delete element #230
[24.08.2020 09:03:12] [DELETE] Delete element #231
[24.08.2020 09:03:12] [DELETE] Delete element #232
[24.08.2020 09:03:12] [DELETE] Delete element #233
[24.08.2020 09:03:13] [DELETE] Delete element #234
[24.08.2020 09:03:13] [DELETE] Delete element #235
[24.08.2020 09:03:13] [DELETE] Delete element #236
[24.08.2020 09:03:13] [DELETE] Delete element #237
[24.08.2020 09:03:13] [DELETE] Delete element #238
[24.08.2020 09:03:13] [DELETE] Delete element #239
[24.08.2020 09:03:13] [DELETE] Delete element #240
[24.08.2020 09:03:13] [DELETE] Delete element #241
[24.08.2020 09:03:13] [DELETE] Delete element #242
[24.08.2020 09:03:13] [DELETE] Delete element #243
[24.08.2020 09:03:13] [DELETE] Delete element #244
[24.08.2020 09:03:13] [DELETE] Delete element #245
[24.08.2020 09:03:13] [DELETE] Delete element #246
[24.08.2020 09:03:13] [DELETE] Delete element #247
[24.08.2020 09:03:13] [DELETE] Delete element #248
[24.08.2020 09:03:13] [DELETE] Delete element #249
[24.08.2020 09:03:13] [DELETE] Delete element #250
[24.08.2020 09:03:13] [DELETE] Delete element #251
[24.08.2020 09:03:13] [DELETE] Delete element #252
[24.08.2020 09:03:13] [DELETE] Delete element #253
[24.08.2020 09:03:13] [DELETE] Delete element #254
[24.08.2020 09:03:13] [DELETE] Delete element #255
[24.08.2020 09:03:13] [DELETE] Delete element #256
[24.08.2020 09:03:13] [DELETE] Delete element #257
[24.08.2020 09:03:13] [DELETE] Delete element #258
[24.08.2020 10:20:54] [DELETE] Delete element #511
[24.08.2020 10:21:14] [DELETE] Delete element #506
[24.08.2020 10:21:14] [DELETE] Delete element #507
[24.08.2020 10:21:14] [DELETE] Delete element #638
[24.08.2020 10:21:14] [DELETE] Delete element #1067
[24.08.2020 10:21:14] [DELETE] Delete element #1123
[24.08.2020 10:21:14] [DELETE] Delete element #1131
[24.08.2020 10:21:14] [DELETE] Delete element #1148
[24.08.2020 10:21:14] [DELETE] Delete element #1855
[24.08.2020 10:21:14] [DELETE] Delete element #2043
[24.08.2020 10:21:14] [DELETE] Delete element #2046
[24.08.2020 10:21:14] [DELETE] Delete element #2050
[24.08.2020 10:21:14] [DELETE] Delete element #2054
[24.08.2020 10:21:14] [DELETE] Delete element #2055
[24.08.2020 10:21:14] [DELETE] Delete element #2056
[24.08.2020 10:21:14] [DELETE] Delete element #2064
[24.08.2020 10:21:14] [DELETE] Delete element #2065
[24.08.2020 10:21:14] [DELETE] Delete element #2069
[24.08.2020 10:21:14] [DELETE] Delete element #3103
[24.08.2020 10:21:15] [DELETE] Delete element #3743
[24.08.2020 10:21:15] [DELETE] Delete element #3894
[24.08.2020 10:21:15] [DELETE] Delete element #3895
[24.08.2020 10:21:15] [DELETE] Delete element #4042
[24.08.2020 10:21:15] [DELETE] Delete element #4043
[24.08.2020 10:21:15] [DELETE] Delete element #4569
[24.08.2020 10:21:15] [DELETE] Delete element #4573
[24.08.2020 10:21:15] [DELETE] Delete element #5281
[24.08.2020 10:21:15] [DELETE] Delete element #6085
[24.08.2020 10:21:15] [DELETE] Delete element #6100
[24.08.2020 10:21:15] [DELETE] Delete element #6104
[24.08.2020 10:21:15] [DELETE] Delete element #6105
[24.08.2020 10:21:15] [DELETE] Delete element #6106
[24.08.2020 10:21:15] [DELETE] Delete element #6107
[24.08.2020 10:21:15] [DELETE] Delete element #6108
[24.08.2020 10:21:15] [DELETE] Delete element #6109
[24.08.2020 10:21:15] [DELETE] Delete element #6110
[24.08.2020 10:21:15] [DELETE] Delete element #6113
[24.08.2020 10:21:15] [DELETE] Delete element #6114
[24.08.2020 10:21:15] [DELETE] Delete element #6115
[24.08.2020 10:21:15] [DELETE] Delete element #6116
[24.08.2020 10:21:15] [DELETE] Delete element #6119
[24.08.2020 10:21:15] [DELETE] Delete element #6120
[24.08.2020 10:21:15] [DELETE] Delete element #6121
[24.08.2020 10:21:15] [DELETE] Delete element #6129
[24.08.2020 10:21:15] [DELETE] Delete element #6137
[24.08.2020 10:21:15] [DELETE] Delete element #6688
[24.08.2020 10:21:15] [DELETE] Delete element #6694
[24.08.2020 10:21:16] [DELETE] Delete element #6701
[24.08.2020 10:21:16] [DELETE] Delete element #6879
[24.08.2020 10:21:16] [DELETE] Delete element #6957
[24.08.2020 10:21:16] [DELETE] Delete element #6959
[24.08.2020 10:21:16] [DELETE] Delete element #6971
[24.08.2020 10:21:16] [DELETE] Delete element #7301
[24.08.2020 10:21:16] [DELETE] Delete element #7492
[24.08.2020 10:21:16] [DELETE] Delete element #7514
[24.08.2020 10:21:16] [DELETE] Delete element #7523
[24.08.2020 10:21:16] [DELETE] Delete element #7529
[24.08.2020 10:21:16] [DELETE] Delete element #7530
[24.08.2020 10:21:16] [DELETE] Delete element #7720
[24.08.2020 10:21:16] [DELETE] Delete element #7722
[24.08.2020 10:21:16] [DELETE] Delete element #7795
[24.08.2020 10:21:16] [DELETE] Delete element #7796
[24.08.2020 10:21:16] [DELETE] Delete element #7797
[24.08.2020 10:21:16] [DELETE] Delete element #7798
[24.08.2020 10:21:16] [DELETE] Delete element #7799
[24.08.2020 10:21:16] [DELETE] Delete element #7800
[24.08.2020 10:21:16] [DELETE] Delete element #7801
[24.08.2020 10:21:16] [DELETE] Delete element #7802
[24.08.2020 10:21:16] [DELETE] Delete element #7803
[24.08.2020 10:21:16] [DELETE] Delete element #7804
[24.08.2020 10:21:16] [DELETE] Delete element #7805
[24.08.2020 10:21:16] [DELETE] Delete element #7806
[24.08.2020 10:21:16] [DELETE] Delete element #7807
[24.08.2020 10:21:16] [DELETE] Delete element #7808
[24.08.2020 10:21:16] [DELETE] Delete element #7809
[24.08.2020 10:21:16] [DELETE] Delete element #7811
[24.08.2020 10:21:16] [DELETE] Delete element #8766
[24.08.2020 10:21:16] [DELETE] Delete element #8767
[24.08.2020 10:21:17] [DELETE] Delete element #9082
[24.08.2020 10:21:17] [DELETE] Delete element #9142
[24.08.2020 10:21:17] [DELETE] Delete element #9155
[24.08.2020 10:21:17] [DELETE] Delete element #9393
[24.08.2020 10:21:17] [DELETE] Delete element #9394
[24.08.2020 10:21:17] [DELETE] Delete element #9395
[24.08.2020 10:21:17] [DELETE] Delete element #9396
[24.08.2020 10:21:17] [DELETE] Delete element #9397
[24.08.2020 10:21:17] [DELETE] Delete element #9398
[24.08.2020 10:21:17] [DELETE] Delete element #9399
[24.08.2020 10:21:17] [DELETE] Delete element #9402
[24.08.2020 10:21:17] [DELETE] Delete element #9719
[24.08.2020 10:21:17] [DELETE] Delete element #9764
[24.08.2020 10:21:17] [DELETE] Delete element #11501
[24.08.2020 10:21:17] [DELETE] Delete element #11670
[24.08.2020 10:21:17] [DELETE] Delete element #11671
[24.08.2020 10:21:17] [DELETE] Delete element #11821
[24.08.2020 10:21:17] [DELETE] Delete element #11822
[24.08.2020 10:21:17] [DELETE] Delete element #11823
[24.08.2020 10:21:17] [DELETE] Delete element #11824
[24.08.2020 10:21:17] [DELETE] Delete element #11825
[24.08.2020 10:21:17] [DELETE] Delete element #11826
[24.08.2020 10:21:17] [DELETE] Delete element #11827
[24.08.2020 10:21:17] [DELETE] Delete element #11828
[24.08.2020 10:21:17] [DELETE] Delete element #11829
[24.08.2020 10:21:17] [DELETE] Delete element #11864
[24.08.2020 10:21:17] [DELETE] Delete element #11870
[24.08.2020 10:21:17] [DELETE] Delete element #11871
[24.08.2020 10:21:18] [DELETE] Delete element #11991
[24.08.2020 10:21:18] [DELETE] Delete element #11992
[24.08.2020 10:21:18] [DELETE] Delete element #12000
[24.08.2020 10:21:18] [DELETE] Delete element #12001
[24.08.2020 10:21:18] [DELETE] Delete element #12002
[24.08.2020 10:21:18] [DELETE] Delete element #12326
[24.08.2020 10:21:18] [DELETE] Delete element #12349
[24.08.2020 10:21:18] [DELETE] Delete element #12353
[24.08.2020 10:21:18] [DELETE] Delete element #12383
[24.08.2020 10:21:18] [DELETE] Delete element #12389
[24.08.2020 10:21:18] [DELETE] Delete element #12395
[24.08.2020 10:21:18] [DELETE] Delete element #12436
[24.08.2020 10:21:18] [DELETE] Delete element #12461
[24.08.2020 10:21:18] [DELETE] Delete element #12462
[24.08.2020 10:21:18] [DELETE] Delete element #12463
[24.08.2020 10:21:18] [DELETE] Delete element #12464
[24.08.2020 10:21:18] [DELETE] Delete element #12465
[24.08.2020 10:21:18] [DELETE] Delete element #12486
[24.08.2020 10:21:18] [DELETE] Delete element #12511
[24.08.2020 10:21:18] [DELETE] Delete element #12524
[24.08.2020 10:21:18] [DELETE] Delete element #12525
[24.08.2020 10:21:18] [DELETE] Delete element #12529
[24.08.2020 10:21:18] [DELETE] Delete element #12530
[24.08.2020 10:21:18] [DELETE] Delete element #12531
[24.08.2020 10:21:18] [DELETE] Delete element #12532
[24.08.2020 10:21:18] [DELETE] Delete element #12535
[24.08.2020 10:21:18] [DELETE] Delete element #12536
[24.08.2020 10:21:18] [DELETE] Delete element #12537
[24.08.2020 10:21:18] [DELETE] Delete element #12538
[24.08.2020 10:21:18] [DELETE] Delete element #12539
[24.08.2020 10:21:19] [DELETE] Delete element #12540
[24.08.2020 10:21:19] [DELETE] Delete element #12541
[24.08.2020 10:21:19] [DELETE] Delete element #12542
[24.08.2020 10:21:19] [DELETE] Delete element #12612
[24.08.2020 10:21:19] [DELETE] Delete element #13067
[24.08.2020 10:21:19] [DELETE] Delete element #13068
[24.08.2020 10:21:19] [DELETE] Delete element #13071
[24.08.2020 10:21:19] [DELETE] Delete element #13072
[24.08.2020 10:21:19] [DELETE] Delete element #13073
[24.08.2020 10:21:19] [DELETE] Delete element #13074
[24.08.2020 10:21:19] [DELETE] Delete element #13076
[24.08.2020 10:21:19] [DELETE] Delete element #13077
[24.08.2020 10:21:19] [DELETE] Delete element #13100
[24.08.2020 10:21:19] [DELETE] Delete element #13108
[24.08.2020 10:21:19] [DELETE] Delete element #13259
[24.08.2020 10:21:19] [DELETE] Delete element #13260
[24.08.2020 10:21:19] [DELETE] Delete element #13261
[24.08.2020 10:21:19] [DELETE] Delete element #13262
[24.08.2020 10:21:19] [DELETE] Delete element #13484
[24.08.2020 10:21:19] [DELETE] Delete element #13487
[24.08.2020 10:21:19] [DELETE] Delete element #13493
[24.08.2020 10:21:19] [DELETE] Delete element #13494
[24.08.2020 10:21:19] [DELETE] Delete element #13508
[24.08.2020 10:21:19] [DELETE] Delete element #13531
[24.08.2020 10:21:19] [DELETE] Delete element #13548
[24.08.2020 10:21:19] [DELETE] Delete element #13549
[24.08.2020 10:21:19] [DELETE] Delete element #13550
[24.08.2020 10:21:19] [DELETE] Delete element #13554
[24.08.2020 10:21:19] [DELETE] Delete element #13555
[24.08.2020 10:21:19] [DELETE] Delete element #13574
[24.08.2020 10:21:19] [DELETE] Delete element #13575
[24.08.2020 10:21:20] [DELETE] Delete element #13711
[24.08.2020 10:21:20] [DELETE] Delete element #13733
[24.08.2020 10:21:20] [DELETE] Delete element #13734
[24.08.2020 10:21:20] [DELETE] Delete element #13735
[24.08.2020 10:21:20] [DELETE] Delete element #13736
[24.08.2020 10:21:20] [DELETE] Delete element #13765
[24.08.2020 10:21:20] [DELETE] Delete element #13911
[24.08.2020 10:21:20] [DELETE] Delete element #13912
[24.08.2020 10:21:20] [DELETE] Delete element #13913
[24.08.2020 10:21:20] [DELETE] Delete element #13914
[24.08.2020 10:21:20] [DELETE] Delete element #13915
[24.08.2020 10:21:20] [DELETE] Delete element #13916
[24.08.2020 10:21:20] [DELETE] Delete element #14022
[24.08.2020 10:21:20] [DELETE] Delete element #14073
[24.08.2020 10:21:20] [DELETE] Delete element #14342
[24.08.2020 10:21:20] [DELETE] Delete element #14343
[24.08.2020 10:21:20] [DELETE] Delete element #14344
[24.08.2020 10:21:20] [DELETE] Delete element #14345
[24.08.2020 10:21:20] [DELETE] Delete element #14346
[24.08.2020 10:21:20] [DELETE] Delete element #14347
[24.08.2020 10:21:20] [DELETE] Delete element #14348
[24.08.2020 10:21:20] [DELETE] Delete element #14349
[24.08.2020 10:21:20] [DELETE] Delete element #14350
[24.08.2020 10:21:20] [DELETE] Delete element #14351
[24.08.2020 10:21:20] [DELETE] Delete element #14352
[24.08.2020 10:21:20] [DELETE] Delete element #14353
[24.08.2020 10:21:20] [DELETE] Delete element #14354
[24.08.2020 10:21:20] [DELETE] Delete element #14355
[24.08.2020 10:21:20] [DELETE] Delete element #14356
[24.08.2020 10:21:20] [DELETE] Delete element #14357
[24.08.2020 10:21:21] [DELETE] Delete element #14358
[24.08.2020 10:21:21] [DELETE] Delete element #14359
[24.08.2020 10:21:21] [DELETE] Delete element #14361
[24.08.2020 10:21:21] [DELETE] Delete element #14362
[24.08.2020 10:21:21] [DELETE] Delete element #14363
[24.08.2020 10:21:21] [DELETE] Delete element #14364
[24.08.2020 10:21:21] [DELETE] Delete element #14365
[24.08.2020 10:21:21] [DELETE] Delete element #14366
[24.08.2020 10:21:21] [DELETE] Delete element #14367
[24.08.2020 10:21:21] [DELETE] Delete element #14370
[24.08.2020 10:21:21] [DELETE] Delete element #14371
[24.08.2020 10:21:21] [DELETE] Delete element #14374
[24.08.2020 10:21:21] [DELETE] Delete element #14377
[24.08.2020 10:21:21] [DELETE] Delete element #14380
[24.08.2020 10:21:21] [DELETE] Delete element #14382
[24.08.2020 10:21:21] [DELETE] Delete element #14383
[24.08.2020 10:21:21] [DELETE] Delete element #14384
[24.08.2020 10:21:21] [DELETE] Delete element #14385
[24.08.2020 10:21:21] [DELETE] Delete element #14874
[24.08.2020 10:21:21] [DELETE] Delete element #14875
[24.08.2020 10:21:21] [DELETE] Delete element #14876
[24.08.2020 10:21:21] [DELETE] Delete element #14877
[24.08.2020 10:21:21] [DELETE] Delete element #14878
[24.08.2020 10:21:21] [DELETE] Delete element #14880
[24.08.2020 10:21:21] [DELETE] Delete element #14881
[24.08.2020 10:21:21] [DELETE] Delete element #14882
[24.08.2020 10:21:21] [DELETE] Delete element #14883
[24.08.2020 10:21:21] [DELETE] Delete element #14884
[24.08.2020 10:21:21] [DELETE] Delete element #14885
[24.08.2020 10:21:21] [DELETE] Delete element #14886
[24.08.2020 10:21:21] [DELETE] Delete element #14921
[24.08.2020 10:21:22] [DELETE] Delete element #15013
[24.08.2020 10:21:22] [DELETE] Delete element #15096
[24.08.2020 10:21:22] [DELETE] Delete element #15132
[24.08.2020 10:21:22] [DELETE] Delete element #15145
[24.08.2020 10:21:22] [DELETE] Delete element #15193
[24.08.2020 10:21:22] [DELETE] Delete element #15236
[24.08.2020 10:21:22] [DELETE] Delete element #15237
[24.08.2020 10:21:22] [DELETE] Delete element #15382
[24.08.2020 10:21:22] [DELETE] Delete element #15416
[24.08.2020 10:21:22] [DELETE] Delete element #15675
[24.08.2020 10:21:22] [DELETE] Delete element #16443
[24.08.2020 10:21:22] [DELETE] Delete element #17246
[24.08.2020 10:21:22] [DELETE] Delete element #17247
[24.08.2020 10:21:22] [DELETE] Delete element #17248
[24.08.2020 10:21:22] [DELETE] Delete element #17340
[24.08.2020 10:21:22] [DELETE] Delete element #17377
[24.08.2020 10:21:22] [DELETE] Delete element #17378
[24.08.2020 10:21:22] [DELETE] Delete element #17540
[24.08.2020 10:21:22] [DELETE] Delete element #17541
[24.08.2020 10:21:22] [DELETE] Delete element #17618
[24.08.2020 10:21:22] [DELETE] Delete element #17667
[24.08.2020 10:21:22] [DELETE] Delete element #17668
[24.08.2020 10:21:22] [DELETE] Delete element #18110
[24.08.2020 10:21:22] [DELETE] Delete element #18314
[24.08.2020 10:21:22] [DELETE] Delete element #18429
[24.08.2020 10:21:22] [DELETE] Delete element #18430
[24.08.2020 10:21:22] [DELETE] Delete element #18431
[24.08.2020 10:21:22] [DELETE] Delete element #18432
[24.08.2020 10:21:22] [DELETE] Delete element #18433
[24.08.2020 10:21:22] [DELETE] Delete element #18434
[24.08.2020 10:21:22] [DELETE] Delete element #18435
[24.08.2020 10:21:23] [DELETE] Delete element #18436
[24.08.2020 10:21:23] [DELETE] Delete element #18437
[24.08.2020 10:21:23] [DELETE] Delete element #18514
[24.08.2020 10:21:23] [DELETE] Delete element #18587
[24.08.2020 10:21:23] [DELETE] Delete element #18698
[24.08.2020 10:21:23] [DELETE] Delete element #18699
[24.08.2020 10:21:23] [DELETE] Delete element #18700
[24.08.2020 10:21:23] [DELETE] Delete element #18736
[24.08.2020 10:21:23] [DELETE] Delete element #18789
[24.08.2020 10:21:23] [DELETE] Delete element #19665
[24.08.2020 10:21:23] [DELETE] Delete element #19711
[24.08.2020 11:24:06] [DELETE] Delete element #259
[24.08.2020 11:24:06] [DELETE] Delete element #260
[24.08.2020 11:24:06] [DELETE] Delete element #261
[24.08.2020 11:24:06] [DELETE] Delete element #262
[24.08.2020 11:24:06] [DELETE] Delete element #263
[24.08.2020 11:24:06] [DELETE] Delete element #264
[24.08.2020 11:24:06] [DELETE] Delete element #265
[24.08.2020 11:24:06] [DELETE] Delete element #266
[24.08.2020 11:24:06] [DELETE] Delete element #267
[24.08.2020 11:24:06] [DELETE] Delete element #268
[24.08.2020 11:24:06] [DELETE] Delete element #269
[24.08.2020 11:24:06] [DELETE] Delete element #270
[24.08.2020 11:24:06] [DELETE] Delete element #271
[24.08.2020 11:24:06] [DELETE] Delete element #272
[24.08.2020 11:24:06] [DELETE] Delete element #273
[24.08.2020 11:24:06] [DELETE] Delete element #274
[24.08.2020 11:24:06] [DELETE] Delete element #275
[24.08.2020 11:24:06] [DELETE] Delete element #276
[24.08.2020 11:24:06] [DELETE] Delete element #277
[24.08.2020 11:24:06] [DELETE] Delete element #278
[24.08.2020 11:24:06] [DELETE] Delete element #279
[24.08.2020 11:24:06] [DELETE] Delete element #280
[24.08.2020 11:24:06] [DELETE] Delete element #281
[24.08.2020 11:24:06] [DELETE] Delete element #282
[24.08.2020 11:24:06] [DELETE] Delete element #283
[24.08.2020 11:24:06] [DELETE] Delete element #284
[24.08.2020 11:24:06] [DELETE] Delete element #285
[24.08.2020 11:24:06] [DELETE] Delete element #286
[24.08.2020 11:24:06] [DELETE] Delete element #287
[24.08.2020 11:24:06] [DELETE] Delete element #288
[24.08.2020 11:24:06] [DELETE] Delete element #289
[24.08.2020 11:24:06] [DELETE] Delete element #290
[24.08.2020 11:24:06] [DELETE] Delete element #291
[24.08.2020 11:24:06] [DELETE] Delete element #292
[24.08.2020 11:24:06] [DELETE] Delete element #293
[24.08.2020 11:24:06] [DELETE] Delete element #294
[24.08.2020 11:24:07] [DELETE] Delete element #295
[24.08.2020 11:24:07] [DELETE] Delete element #296
[24.08.2020 11:24:07] [DELETE] Delete element #297
[24.08.2020 11:24:07] [DELETE] Delete element #298
[24.08.2020 11:24:07] [DELETE] Delete element #299
[24.08.2020 11:24:07] [DELETE] Delete element #300
[24.08.2020 11:24:07] [DELETE] Delete element #301
[24.08.2020 11:24:07] [DELETE] Delete element #302
[24.08.2020 11:24:07] [DELETE] Delete element #303
[24.08.2020 11:24:07] [DELETE] Delete element #304
[24.08.2020 11:24:07] [DELETE] Delete element #305
[24.08.2020 11:24:07] [DELETE] Delete element #306
[24.08.2020 11:24:07] [DELETE] Delete element #307
[24.08.2020 11:24:07] [DELETE] Delete element #308
[24.08.2020 11:24:07] [DELETE] Delete element #309
[24.08.2020 11:24:07] [DELETE] Delete element #310
[24.08.2020 11:24:07] [DELETE] Delete element #311
[24.08.2020 11:24:07] [DELETE] Delete element #312
[24.08.2020 11:24:07] [DELETE] Delete element #313
[24.08.2020 11:24:07] [DELETE] Delete element #314
[24.08.2020 11:24:07] [DELETE] Delete element #315
[24.08.2020 11:24:07] [DELETE] Delete element #316
[24.08.2020 11:24:07] [DELETE] Delete element #317
[24.08.2020 11:24:07] [DELETE] Delete element #318
[24.08.2020 11:24:07] [DELETE] Delete element #319
[24.08.2020 11:24:07] [DELETE] Delete element #320
[24.08.2020 11:24:07] [DELETE] Delete element #321
[24.08.2020 11:24:07] [DELETE] Delete element #322
[24.08.2020 11:24:07] [DELETE] Delete element #323
[24.08.2020 11:24:07] [DELETE] Delete element #324
[24.08.2020 11:24:07] [DELETE] Delete element #325
[24.08.2020 11:24:07] [DELETE] Delete element #326
[24.08.2020 11:24:07] [DELETE] Delete element #327
[24.08.2020 11:24:08] [DELETE] Delete element #328
[24.08.2020 11:24:08] [DELETE] Delete element #329
[24.08.2020 11:24:08] [DELETE] Delete element #330
[24.08.2020 11:24:08] [DELETE] Delete element #331
[24.08.2020 11:24:08] [DELETE] Delete element #332
[24.08.2020 11:24:08] [DELETE] Delete element #333
[24.08.2020 11:24:08] [DELETE] Delete element #334
[24.08.2020 11:24:08] [DELETE] Delete element #335
[24.08.2020 11:24:08] [DELETE] Delete element #336
[15.10.2020 10:55:40] Updated element #1717, fields: Array
(
    [ACTIVE] => N
)

[15.10.2020 10:55:40] Updated element #2281, fields: Array
(
    [ACTIVE] => N
)

[15.10.2020 10:55:40] Updated element #4655, fields: Array
(
    [ACTIVE] => N
)

[15.10.2020 10:55:40] Updated element #4658, fields: Array
(
    [ACTIVE] => N
)

[15.10.2020 10:55:40] Updated element #4659, fields: Array
(
    [ACTIVE] => N
)

[15.10.2020 10:55:40] Updated element #6288, fields: Array
(
    [ACTIVE] => N
)

[15.10.2020 10:55:40] Updated element #6298, fields: Array
(
    [ACTIVE] => N
)

[15.10.2020 10:55:40] Updated element #6348, fields: Array
(
    [ACTIVE] => N
)

[15.10.2020 10:55:40] Updated element #6369, fields: Array
(
    [ACTIVE] => N
)

[15.10.2020 10:55:40] Updated element #7319, fields: Array
(
    [ACTIVE] => N
)

[15.10.2020 10:55:40] Updated element #7632, fields: Array
(
    [ACTIVE] => N
)

[15.10.2020 10:55:40] Updated element #7636, fields: Array
(
    [ACTIVE] => N
)

[15.10.2020 10:55:40] Updated element #7642, fields: Array
(
    [ACTIVE] => N
)

[15.10.2020 10:55:40] Updated element #7645, fields: Array
(
    [ACTIVE] => N
)

[15.10.2020 10:55:40] Updated element #7657, fields: Array
(
    [ACTIVE] => N
)

[15.10.2020 10:55:40] Updated element #7658, fields: Array
(
    [ACTIVE] => N
)

[15.10.2020 10:55:40] Updated element #7662, fields: Array
(
    [ACTIVE] => N
)

[15.10.2020 10:55:40] Updated element #7672, fields: Array
(
    [ACTIVE] => N
)

[15.10.2020 10:55:40] Updated element #7674, fields: Array
(
    [ACTIVE] => N
)

[15.10.2020 10:55:40] Updated element #7683, fields: Array
(
    [ACTIVE] => N
)

[15.10.2020 10:55:40] Updated element #7687, fields: Array
(
    [ACTIVE] => N
)

[15.10.2020 10:55:40] Updated element #7688, fields: Array
(
    [ACTIVE] => N
)

[15.10.2020 10:55:40] Updated element #8113, fields: Array
(
    [ACTIVE] => N
)

[15.10.2020 10:55:40] Updated element #9146, fields: Array
(
    [ACTIVE] => N
)

[15.10.2020 10:55:40] Updated element #9272, fields: Array
(
    [ACTIVE] => N
)

[15.10.2020 10:55:40] Updated element #9525, fields: Array
(
    [ACTIVE] => N
)

[15.10.2020 10:55:41] Updated element #9530, fields: Array
(
    [ACTIVE] => N
)

[15.10.2020 10:55:41] Updated element #10820, fields: Array
(
    [ACTIVE] => N
)

[15.10.2020 10:55:41] Updated element #11580, fields: Array
(
    [ACTIVE] => N
)

[15.10.2020 10:55:41] Updated element #12288, fields: Array
(
    [ACTIVE] => N
)

[15.10.2020 10:55:41] Updated element #12290, fields: Array
(
    [ACTIVE] => N
)

[15.10.2020 10:55:41] Updated element #12458, fields: Array
(
    [ACTIVE] => N
)

[15.10.2020 10:55:41] Updated element #12510, fields: Array
(
    [ACTIVE] => N
)

[15.10.2020 10:55:41] Updated element #15949, fields: Array
(
    [ACTIVE] => N
)

[15.10.2020 10:55:41] Updated element #16134, fields: Array
(
    [ACTIVE] => N
)

[15.10.2020 10:55:41] Updated element #16470, fields: Array
(
    [ACTIVE] => N
)

[15.10.2020 10:55:41] Updated element #16475, fields: Array
(
    [ACTIVE] => N
)

[15.10.2020 10:55:41] Updated element #16791, fields: Array
(
    [ACTIVE] => N
)

[15.10.2020 10:55:41] Updated element #17363, fields: Array
(
    [ACTIVE] => N
)

[15.10.2020 10:55:41] Updated element #19507, fields: Array
(
    [ACTIVE] => N
)

[15.10.2020 10:55:41] Updated element #19615, fields: Array
(
    [ACTIVE] => N
)

[15.10.2020 10:55:41] Updated element #56700, fields: Array
(
    [ACTIVE] => N
)

[15.10.2020 11:08:26] Updated element #20158, fields: Array
(
    [ACTIVE] => N
)

[15.10.2020 11:08:26] Updated element #20170, fields: Array
(
    [ACTIVE] => N
)

[15.10.2020 11:08:26] Updated element #20173, fields: Array
(
    [ACTIVE] => N
)

[15.10.2020 11:08:26] Updated element #20183, fields: Array
(
    [ACTIVE] => N
)

[15.10.2020 11:08:26] Updated element #20221, fields: Array
(
    [ACTIVE] => N
)

[15.10.2020 11:08:26] Updated element #20281, fields: Array
(
    [ACTIVE] => N
)

[15.10.2020 11:08:26] Updated element #20383, fields: Array
(
    [ACTIVE] => N
)

[15.10.2020 11:08:26] Updated element #20400, fields: Array
(
    [ACTIVE] => N
)

[15.10.2020 11:08:26] Updated element #20406, fields: Array
(
    [ACTIVE] => N
)

[15.10.2020 11:08:26] Updated element #20410, fields: Array
(
    [ACTIVE] => N
)

[15.10.2020 11:08:26] Updated element #65441, fields: Array
(
    [ACTIVE] => N
)

[15.10.2020 11:16:52] Updated element #20849, fields: Array
(
    [ACTIVE] => N
)

[15.10.2020 11:16:52] Updated element #21202, fields: Array
(
    [ACTIVE] => N
)

[15.10.2020 11:16:52] Updated element #21224, fields: Array
(
    [ACTIVE] => N
)

[15.10.2020 11:16:52] Updated element #21282, fields: Array
(
    [ACTIVE] => N
)

[15.10.2020 11:16:52] Updated element #21306, fields: Array
(
    [ACTIVE] => N
)

[15.10.2020 11:16:52] Updated element #21971, fields: Array
(
    [ACTIVE] => N
)

[15.10.2020 11:16:52] Updated element #22088, fields: Array
(
    [ACTIVE] => N
)

[15.10.2020 11:16:52] Updated element #22154, fields: Array
(
    [ACTIVE] => N
)

[15.10.2020 11:16:52] Updated element #22221, fields: Array
(
    [ACTIVE] => N
)

[15.10.2020 11:16:52] Updated element #22493, fields: Array
(
    [ACTIVE] => N
)

[15.10.2020 11:16:52] Updated element #22771, fields: Array
(
    [ACTIVE] => N
)

[15.10.2020 11:16:52] Updated element #22828, fields: Array
(
    [ACTIVE] => N
)

[15.10.2020 11:16:52] Updated element #22928, fields: Array
(
    [ACTIVE] => N
)

[15.10.2020 11:16:52] Updated element #23012, fields: Array
(
    [ACTIVE] => N
)

[15.10.2020 11:16:52] Updated element #23240, fields: Array
(
    [ACTIVE] => N
)

[15.10.2020 11:16:52] Updated element #23305, fields: Array
(
    [ACTIVE] => N
)

[15.10.2020 11:16:52] Updated element #23477, fields: Array
(
    [ACTIVE] => N
)

[15.10.2020 11:16:53] Updated element #24626, fields: Array
(
    [ACTIVE] => N
)

[15.10.2020 11:16:53] Updated element #24840, fields: Array
(
    [ACTIVE] => N
)

[15.10.2020 11:16:53] Updated element #25083, fields: Array
(
    [ACTIVE] => N
)

[15.10.2020 11:16:53] Updated element #25336, fields: Array
(
    [ACTIVE] => N
)

[15.10.2020 11:16:53] Updated element #25368, fields: Array
(
    [ACTIVE] => N
)

[15.10.2020 11:16:53] Updated element #25691, fields: Array
(
    [ACTIVE] => N
)

[15.10.2020 11:16:53] Updated element #25821, fields: Array
(
    [ACTIVE] => N
)

[15.10.2020 11:16:53] Updated element #25826, fields: Array
(
    [ACTIVE] => N
)

[15.10.2020 11:16:53] Updated element #25840, fields: Array
(
    [ACTIVE] => N
)

[15.10.2020 11:16:53] Updated element #25843, fields: Array
(
    [ACTIVE] => N
)

[15.10.2020 11:16:53] Updated element #25986, fields: Array
(
    [ACTIVE] => N
)

[15.10.2020 11:16:53] Updated element #26091, fields: Array
(
    [ACTIVE] => N
)

[15.10.2020 11:16:53] Updated element #26102, fields: Array
(
    [ACTIVE] => N
)

[15.10.2020 11:16:53] Updated element #26168, fields: Array
(
    [ACTIVE] => N
)

[15.10.2020 11:16:53] Updated element #26173, fields: Array
(
    [ACTIVE] => N
)

[15.10.2020 11:16:53] Updated element #26590, fields: Array
(
    [ACTIVE] => N
)

[15.10.2020 11:16:53] Updated element #26707, fields: Array
(
    [ACTIVE] => N
)

[15.10.2020 11:16:53] Updated element #26959, fields: Array
(
    [ACTIVE] => N
)

[15.10.2020 11:16:53] Updated element #27117, fields: Array
(
    [ACTIVE] => N
)

[15.10.2020 11:16:53] Updated element #27201, fields: Array
(
    [ACTIVE] => N
)

[15.10.2020 11:16:53] Updated element #29166, fields: Array
(
    [ACTIVE] => N
)

[15.10.2020 11:16:53] Updated element #30199, fields: Array
(
    [ACTIVE] => N
)

[15.10.2020 11:16:53] Updated element #30532, fields: Array
(
    [ACTIVE] => N
)

[15.10.2020 11:16:53] Updated element #30582, fields: Array
(
    [ACTIVE] => N
)

[15.10.2020 11:16:53] Updated element #30719, fields: Array
(
    [ACTIVE] => N
)

[15.10.2020 11:16:53] Updated element #30824, fields: Array
(
    [ACTIVE] => N
)

[15.10.2020 11:16:53] Updated element #30899, fields: Array
(
    [ACTIVE] => N
)

[15.10.2020 11:16:53] Updated element #31381, fields: Array
(
    [ACTIVE] => N
)

[15.10.2020 11:16:53] Updated element #31560, fields: Array
(
    [ACTIVE] => N
)

[15.10.2020 11:16:53] Updated element #31573, fields: Array
(
    [ACTIVE] => N
)

[15.10.2020 11:16:53] Updated element #31603, fields: Array
(
    [ACTIVE] => N
)

[15.10.2020 11:16:53] Updated element #31624, fields: Array
(
    [ACTIVE] => N
)

[15.10.2020 11:16:53] Updated element #31632, fields: Array
(
    [ACTIVE] => N
)

[15.10.2020 11:16:53] Updated element #31639, fields: Array
(
    [ACTIVE] => N
)

[15.10.2020 11:16:53] Updated element #31641, fields: Array
(
    [ACTIVE] => N
)

[15.10.2020 11:16:53] Updated element #32520, fields: Array
(
    [ACTIVE] => N
)

[15.10.2020 11:16:53] Updated element #32633, fields: Array
(
    [ACTIVE] => N
)

[15.10.2020 11:16:53] Updated element #32842, fields: Array
(
    [ACTIVE] => N
)

[15.10.2020 11:16:53] Updated element #32887, fields: Array
(
    [ACTIVE] => N
)

[15.10.2020 11:16:54] Updated element #32948, fields: Array
(
    [ACTIVE] => N
)

[15.10.2020 11:16:54] Updated element #33087, fields: Array
(
    [ACTIVE] => N
)

[15.10.2020 11:16:54] Updated element #33257, fields: Array
(
    [ACTIVE] => N
)

[15.10.2020 11:16:54] Updated element #33286, fields: Array
(
    [ACTIVE] => N
)

[15.10.2020 11:16:54] Updated element #33485, fields: Array
(
    [ACTIVE] => N
)

[15.10.2020 11:16:54] Updated element #33534, fields: Array
(
    [ACTIVE] => N
)

[15.10.2020 11:16:54] Updated element #33660, fields: Array
(
    [ACTIVE] => N
)

[15.10.2020 11:16:54] Updated element #33681, fields: Array
(
    [ACTIVE] => N
)

[15.10.2020 11:16:54] Updated element #33832, fields: Array
(
    [ACTIVE] => N
)

[15.10.2020 11:16:54] Updated element #33859, fields: Array
(
    [ACTIVE] => N
)

[15.10.2020 11:16:54] Updated element #33921, fields: Array
(
    [ACTIVE] => N
)

[15.10.2020 11:16:54] Updated element #33927, fields: Array
(
    [ACTIVE] => N
)

[15.10.2020 11:16:54] Updated element #34220, fields: Array
(
    [ACTIVE] => N
)

[15.10.2020 11:16:54] Updated element #34225, fields: Array
(
    [ACTIVE] => N
)

[15.10.2020 11:16:54] Updated element #34250, fields: Array
(
    [ACTIVE] => N
)

[15.10.2020 11:16:54] Updated element #34271, fields: Array
(
    [ACTIVE] => N
)

[15.10.2020 11:16:54] Updated element #34321, fields: Array
(
    [ACTIVE] => N
)

[15.10.2020 11:16:54] Updated element #34333, fields: Array
(
    [ACTIVE] => N
)

[15.10.2020 11:16:54] Updated element #34336, fields: Array
(
    [ACTIVE] => N
)

[15.10.2020 11:16:54] Updated element #34348, fields: Array
(
    [ACTIVE] => N
)

[15.10.2020 11:16:54] Updated element #34362, fields: Array
(
    [ACTIVE] => N
)

[15.10.2020 11:16:54] Updated element #34372, fields: Array
(
    [ACTIVE] => N
)

[15.10.2020 11:16:54] Updated element #34381, fields: Array
(
    [ACTIVE] => N
)

[15.10.2020 11:16:54] Updated element #34726, fields: Array
(
    [ACTIVE] => N
)

[15.10.2020 11:16:54] Updated element #34766, fields: Array
(
    [ACTIVE] => N
)

[15.10.2020 11:16:54] Updated element #34883, fields: Array
(
    [ACTIVE] => N
)

[15.10.2020 11:16:54] Updated element #35202, fields: Array
(
    [ACTIVE] => N
)

[15.10.2020 11:16:54] Updated element #35431, fields: Array
(
    [ACTIVE] => N
)

[15.10.2020 11:16:54] Updated element #35651, fields: Array
(
    [ACTIVE] => N
)

[15.10.2020 11:16:54] Updated element #35656, fields: Array
(
    [ACTIVE] => N
)

[15.10.2020 11:16:54] Updated element #35812, fields: Array
(
    [ACTIVE] => N
)

[15.10.2020 11:16:54] Updated element #35836, fields: Array
(
    [ACTIVE] => N
)

[15.10.2020 11:16:54] Updated element #35922, fields: Array
(
    [ACTIVE] => N
)

[15.10.2020 11:16:54] Updated element #35961, fields: Array
(
    [ACTIVE] => N
)

[15.10.2020 11:16:54] Updated element #35981, fields: Array
(
    [ACTIVE] => N
)

[15.10.2020 11:16:54] Updated element #36093, fields: Array
(
    [ACTIVE] => N
)

[15.10.2020 11:16:54] Updated element #36206, fields: Array
(
    [ACTIVE] => N
)

[15.10.2020 11:16:54] Updated element #36276, fields: Array
(
    [ACTIVE] => N
)

[15.10.2020 11:16:54] Updated element #36288, fields: Array
(
    [ACTIVE] => N
)

[15.10.2020 11:16:54] Updated element #36314, fields: Array
(
    [ACTIVE] => N
)

[15.10.2020 11:16:54] Updated element #36325, fields: Array
(
    [ACTIVE] => N
)

[15.10.2020 11:16:54] Updated element #36342, fields: Array
(
    [ACTIVE] => N
)

[15.10.2020 11:16:55] Updated element #36400, fields: Array
(
    [ACTIVE] => N
)

[15.10.2020 11:16:55] Updated element #36465, fields: Array
(
    [ACTIVE] => N
)

[15.10.2020 11:16:55] Updated element #36519, fields: Array
(
    [ACTIVE] => N
)

[15.10.2020 11:16:55] Updated element #36572, fields: Array
(
    [ACTIVE] => N
)

[15.10.2020 11:16:55] Updated element #36682, fields: Array
(
    [ACTIVE] => N
)

[15.10.2020 11:16:55] Updated element #36724, fields: Array
(
    [ACTIVE] => N
)

[15.10.2020 11:16:55] Updated element #36731, fields: Array
(
    [ACTIVE] => N
)

[15.10.2020 11:16:55] Updated element #36760, fields: Array
(
    [ACTIVE] => N
)

[15.10.2020 11:16:55] Updated element #36768, fields: Array
(
    [ACTIVE] => N
)

[15.10.2020 11:16:55] Updated element #36784, fields: Array
(
    [ACTIVE] => N
)

[15.10.2020 11:16:55] Updated element #36975, fields: Array
(
    [ACTIVE] => N
)

[15.10.2020 11:16:55] Updated element #37007, fields: Array
(
    [ACTIVE] => N
)

[15.10.2020 11:16:55] Updated element #37280, fields: Array
(
    [ACTIVE] => N
)

[15.10.2020 11:16:55] Updated element #37339, fields: Array
(
    [ACTIVE] => N
)

[15.10.2020 11:16:55] Updated element #37398, fields: Array
(
    [ACTIVE] => N
)

[15.10.2020 11:16:55] Updated element #37483, fields: Array
(
    [ACTIVE] => N
)

[15.10.2020 11:16:55] Updated element #37495, fields: Array
(
    [ACTIVE] => N
)

[15.10.2020 11:16:55] Updated element #37570, fields: Array
(
    [ACTIVE] => N
)

[15.10.2020 11:16:55] Updated element #37586, fields: Array
(
    [ACTIVE] => N
)

[15.10.2020 11:16:55] Updated element #37602, fields: Array
(
    [ACTIVE] => N
)

[15.10.2020 11:16:55] Updated element #37604, fields: Array
(
    [ACTIVE] => N
)

[15.10.2020 11:16:55] Updated element #37645, fields: Array
(
    [ACTIVE] => N
)

[15.10.2020 11:16:55] Updated element #37647, fields: Array
(
    [ACTIVE] => N
)

[15.10.2020 11:16:55] Updated element #37672, fields: Array
(
    [ACTIVE] => N
)

[15.10.2020 11:16:55] Updated element #37689, fields: Array
(
    [ACTIVE] => N
)

[15.10.2020 11:16:55] Updated element #37699, fields: Array
(
    [ACTIVE] => N
)

[15.10.2020 11:16:55] Updated element #37715, fields: Array
(
    [ACTIVE] => N
)

[15.10.2020 11:16:55] Updated element #37738, fields: Array
(
    [ACTIVE] => N
)

[15.10.2020 11:16:55] Updated element #37780, fields: Array
(
    [ACTIVE] => N
)

[15.10.2020 11:16:55] Updated element #37805, fields: Array
(
    [ACTIVE] => N
)

[15.10.2020 11:16:55] Updated element #37872, fields: Array
(
    [ACTIVE] => N
)

[15.10.2020 11:16:55] Updated element #38071, fields: Array
(
    [ACTIVE] => N
)

[15.10.2020 11:16:55] Updated element #38317, fields: Array
(
    [ACTIVE] => N
)

[15.10.2020 11:16:55] Updated element #38354, fields: Array
(
    [ACTIVE] => N
)

[15.10.2020 11:16:55] Updated element #38414, fields: Array
(
    [ACTIVE] => N
)

[15.10.2020 11:16:55] Updated element #38422, fields: Array
(
    [ACTIVE] => N
)

[15.10.2020 11:16:55] Updated element #38485, fields: Array
(
    [ACTIVE] => N
)

[15.10.2020 11:16:55] Updated element #38567, fields: Array
(
    [ACTIVE] => N
)

[15.10.2020 11:16:55] Updated element #38606, fields: Array
(
    [ACTIVE] => N
)

[15.10.2020 11:16:55] Updated element #38648, fields: Array
(
    [ACTIVE] => N
)

[15.10.2020 11:16:55] Updated element #38821, fields: Array
(
    [ACTIVE] => N
)

[15.10.2020 11:16:55] Updated element #38822, fields: Array
(
    [ACTIVE] => N
)

[15.10.2020 11:16:56] Updated element #38874, fields: Array
(
    [ACTIVE] => N
)

[15.10.2020 11:16:56] Updated element #38888, fields: Array
(
    [ACTIVE] => N
)

[15.10.2020 11:16:56] Updated element #39313, fields: Array
(
    [ACTIVE] => N
)

[15.10.2020 11:16:56] Updated element #39504, fields: Array
(
    [ACTIVE] => N
)

[15.10.2020 11:16:56] Updated element #40032, fields: Array
(
    [ACTIVE] => N
)

[15.10.2020 11:16:56] Updated element #42290, fields: Array
(
    [ACTIVE] => N
)

[15.10.2020 11:16:56] Updated element #42367, fields: Array
(
    [ACTIVE] => N
)

[15.10.2020 11:16:56] Updated element #42400, fields: Array
(
    [ACTIVE] => N
)

[15.10.2020 11:16:56] Updated element #42424, fields: Array
(
    [ACTIVE] => N
)

[15.10.2020 11:16:56] Updated element #43751, fields: Array
(
    [ACTIVE] => N
)

[15.10.2020 11:16:56] Updated element #43914, fields: Array
(
    [ACTIVE] => N
)

[15.10.2020 11:16:56] Updated element #43921, fields: Array
(
    [ACTIVE] => N
)

[15.10.2020 11:16:56] Updated element #44130, fields: Array
(
    [ACTIVE] => N
)

[15.10.2020 11:16:56] Updated element #44199, fields: Array
(
    [ACTIVE] => N
)

[15.10.2020 11:16:56] Updated element #44244, fields: Array
(
    [ACTIVE] => N
)

[15.10.2020 11:16:56] Updated element #44850, fields: Array
(
    [ACTIVE] => N
)

[15.10.2020 11:16:56] Updated element #44852, fields: Array
(
    [ACTIVE] => N
)

[15.10.2020 11:16:56] Updated element #44876, fields: Array
(
    [ACTIVE] => N
)

[15.10.2020 11:16:56] Updated element #44987, fields: Array
(
    [ACTIVE] => N
)

[15.10.2020 11:16:56] Updated element #45000, fields: Array
(
    [ACTIVE] => N
)

[15.10.2020 11:16:56] Updated element #45006, fields: Array
(
    [ACTIVE] => N
)

[15.10.2020 11:16:56] Updated element #45225, fields: Array
(
    [ACTIVE] => N
)

[15.10.2020 11:16:56] Updated element #45284, fields: Array
(
    [ACTIVE] => N
)

[15.10.2020 11:16:56] Updated element #45285, fields: Array
(
    [ACTIVE] => N
)

[15.10.2020 11:16:56] Updated element #45291, fields: Array
(
    [ACTIVE] => N
)

[15.10.2020 11:16:56] Updated element #45337, fields: Array
(
    [ACTIVE] => N
)

[15.10.2020 11:16:56] Updated element #45357, fields: Array
(
    [ACTIVE] => N
)

[15.10.2020 11:16:56] Updated element #45359, fields: Array
(
    [ACTIVE] => N
)

[15.10.2020 11:16:56] Updated element #45367, fields: Array
(
    [ACTIVE] => N
)

[15.10.2020 11:16:56] Updated element #45372, fields: Array
(
    [ACTIVE] => N
)

[15.10.2020 11:16:56] Updated element #45377, fields: Array
(
    [ACTIVE] => N
)

[15.10.2020 11:16:56] Updated element #45383, fields: Array
(
    [ACTIVE] => N
)

[15.10.2020 11:16:56] Updated element #45396, fields: Array
(
    [ACTIVE] => N
)

[15.10.2020 11:16:56] Updated element #45416, fields: Array
(
    [ACTIVE] => N
)

[15.10.2020 11:16:56] Updated element #45418, fields: Array
(
    [ACTIVE] => N
)

[15.10.2020 11:16:56] Updated element #45845, fields: Array
(
    [ACTIVE] => N
)

[15.10.2020 11:16:56] Updated element #48021, fields: Array
(
    [ACTIVE] => N
)

[15.10.2020 11:16:56] Updated element #48208, fields: Array
(
    [ACTIVE] => N
)

[15.10.2020 11:16:56] Updated element #48294, fields: Array
(
    [ACTIVE] => N
)

[15.10.2020 11:16:56] Updated element #48299, fields: Array
(
    [ACTIVE] => N
)

[15.10.2020 11:16:56] Updated element #48458, fields: Array
(
    [ACTIVE] => N
)

[15.10.2020 11:16:56] Updated element #48475, fields: Array
(
    [ACTIVE] => N
)

[15.10.2020 11:16:56] Updated element #48520, fields: Array
(
    [ACTIVE] => N
)

[15.10.2020 11:16:56] Updated element #48971, fields: Array
(
    [ACTIVE] => N
)

[15.10.2020 11:16:56] Updated element #50123, fields: Array
(
    [ACTIVE] => N
)

[15.10.2020 11:16:57] Updated element #50229, fields: Array
(
    [ACTIVE] => N
)

[15.10.2020 11:16:57] Updated element #50331, fields: Array
(
    [ACTIVE] => N
)

[15.10.2020 11:16:57] Updated element #50339, fields: Array
(
    [ACTIVE] => N
)

[15.10.2020 11:16:57] Updated element #50351, fields: Array
(
    [ACTIVE] => N
)

[15.10.2020 11:16:57] Updated element #50363, fields: Array
(
    [ACTIVE] => N
)

[15.10.2020 11:16:57] Updated element #50395, fields: Array
(
    [ACTIVE] => N
)

[15.10.2020 11:16:57] Updated element #50477, fields: Array
(
    [ACTIVE] => N
)

[15.10.2020 11:16:57] Updated element #50480, fields: Array
(
    [ACTIVE] => N
)

[15.10.2020 11:16:57] Updated element #50807, fields: Array
(
    [ACTIVE] => N
)

[15.10.2020 11:16:57] Updated element #50830, fields: Array
(
    [ACTIVE] => N
)

[15.10.2020 11:16:57] Updated element #50875, fields: Array
(
    [ACTIVE] => N
)

[15.10.2020 11:16:57] Updated element #50891, fields: Array
(
    [ACTIVE] => N
)

[15.10.2020 11:16:57] Updated element #50893, fields: Array
(
    [ACTIVE] => N
)

[15.10.2020 11:16:57] Updated element #50920, fields: Array
(
    [ACTIVE] => N
)

[15.10.2020 11:16:57] Updated element #50921, fields: Array
(
    [ACTIVE] => N
)

[15.10.2020 11:16:57] Updated element #50922, fields: Array
(
    [ACTIVE] => N
)

[15.10.2020 11:16:57] Updated element #50977, fields: Array
(
    [ACTIVE] => N
)

[15.10.2020 11:16:57] Updated element #50978, fields: Array
(
    [ACTIVE] => N
)

[15.10.2020 11:16:57] Updated element #51137, fields: Array
(
    [ACTIVE] => N
)

[15.10.2020 11:16:57] Updated element #51349, fields: Array
(
    [ACTIVE] => N
)

[15.10.2020 11:16:57] Updated element #51733, fields: Array
(
    [ACTIVE] => N
)

[15.10.2020 11:16:57] Updated element #51780, fields: Array
(
    [ACTIVE] => N
)

[15.10.2020 11:16:57] Updated element #51781, fields: Array
(
    [ACTIVE] => N
)

[15.10.2020 11:16:57] Updated element #51881, fields: Array
(
    [ACTIVE] => N
)

[15.10.2020 11:16:57] Updated element #51897, fields: Array
(
    [ACTIVE] => N
)

[15.10.2020 11:16:57] Updated element #51985, fields: Array
(
    [ACTIVE] => N
)

[15.10.2020 11:16:57] Updated element #52007, fields: Array
(
    [ACTIVE] => N
)

[15.10.2020 11:16:57] Updated element #52010, fields: Array
(
    [ACTIVE] => N
)

[15.10.2020 11:16:57] Updated element #52057, fields: Array
(
    [ACTIVE] => N
)

[15.10.2020 11:16:57] Updated element #52065, fields: Array
(
    [ACTIVE] => N
)

[15.10.2020 11:16:57] Updated element #52135, fields: Array
(
    [ACTIVE] => N
)

[15.10.2020 11:16:57] Updated element #52168, fields: Array
(
    [ACTIVE] => N
)

[15.10.2020 11:16:57] Updated element #52268, fields: Array
(
    [ACTIVE] => N
)

[15.10.2020 11:16:57] Updated element #52293, fields: Array
(
    [ACTIVE] => N
)

[15.10.2020 11:16:57] Updated element #52505, fields: Array
(
    [ACTIVE] => N
)

[15.10.2020 11:16:57] Updated element #52512, fields: Array
(
    [ACTIVE] => N
)

[15.10.2020 11:16:57] Updated element #52534, fields: Array
(
    [ACTIVE] => N
)

[15.10.2020 11:16:57] Updated element #52556, fields: Array
(
    [ACTIVE] => N
)

[15.10.2020 11:16:57] Updated element #52558, fields: Array
(
    [ACTIVE] => N
)

[15.10.2020 11:16:57] Updated element #52559, fields: Array
(
    [ACTIVE] => N
)

[15.10.2020 11:16:57] Updated element #52608, fields: Array
(
    [ACTIVE] => N
)

[15.10.2020 11:16:57] Updated element #52609, fields: Array
(
    [ACTIVE] => N
)

[15.10.2020 11:16:57] Updated element #52626, fields: Array
(
    [ACTIVE] => N
)

[15.10.2020 11:16:57] Updated element #52631, fields: Array
(
    [ACTIVE] => N
)

[15.10.2020 11:16:57] Updated element #52682, fields: Array
(
    [ACTIVE] => N
)

[15.10.2020 11:16:58] Updated element #52811, fields: Array
(
    [ACTIVE] => N
)

[15.10.2020 11:16:58] Updated element #52892, fields: Array
(
    [ACTIVE] => N
)

[15.10.2020 11:16:58] Updated element #52959, fields: Array
(
    [ACTIVE] => N
)

[15.10.2020 11:16:58] Updated element #52983, fields: Array
(
    [ACTIVE] => N
)

[15.10.2020 11:16:58] Updated element #53016, fields: Array
(
    [ACTIVE] => N
)

[15.10.2020 11:16:58] Updated element #53017, fields: Array
(
    [ACTIVE] => N
)

[15.10.2020 11:16:58] Updated element #53078, fields: Array
(
    [ACTIVE] => N
)

[15.10.2020 11:16:58] Updated element #53084, fields: Array
(
    [ACTIVE] => N
)

[15.10.2020 11:16:58] Updated element #53175, fields: Array
(
    [ACTIVE] => N
)

[15.10.2020 11:16:58] Updated element #53282, fields: Array
(
    [ACTIVE] => N
)

[15.10.2020 11:16:58] Updated element #53285, fields: Array
(
    [ACTIVE] => N
)

[15.10.2020 11:16:58] Updated element #53286, fields: Array
(
    [ACTIVE] => N
)

[15.10.2020 11:16:58] Updated element #53355, fields: Array
(
    [ACTIVE] => N
)

[15.10.2020 11:16:58] Updated element #53581, fields: Array
(
    [ACTIVE] => N
)

[15.10.2020 11:16:58] Updated element #53635, fields: Array
(
    [ACTIVE] => N
)

[15.10.2020 11:16:58] Updated element #53647, fields: Array
(
    [ACTIVE] => N
)

[15.10.2020 11:16:58] Updated element #53666, fields: Array
(
    [ACTIVE] => N
)

[15.10.2020 11:16:58] Updated element #53837, fields: Array
(
    [ACTIVE] => N
)

[15.10.2020 11:16:58] Updated element #53877, fields: Array
(
    [ACTIVE] => N
)

[15.10.2020 11:16:58] Updated element #53878, fields: Array
(
    [ACTIVE] => N
)

[15.10.2020 11:16:58] Updated element #53879, fields: Array
(
    [ACTIVE] => N
)

[15.10.2020 11:16:58] Updated element #53880, fields: Array
(
    [ACTIVE] => N
)

[15.10.2020 11:16:58] Updated element #53883, fields: Array
(
    [ACTIVE] => N
)

[15.10.2020 11:16:58] Updated element #53891, fields: Array
(
    [ACTIVE] => N
)

[15.10.2020 11:16:58] Updated element #53892, fields: Array
(
    [ACTIVE] => N
)

[15.10.2020 11:16:58] Updated element #53893, fields: Array
(
    [ACTIVE] => N
)

[15.10.2020 11:16:58] Updated element #53897, fields: Array
(
    [ACTIVE] => N
)

[15.10.2020 11:16:58] Updated element #53900, fields: Array
(
    [ACTIVE] => N
)

[15.10.2020 11:16:58] Updated element #53901, fields: Array
(
    [ACTIVE] => N
)

[15.10.2020 11:16:58] Updated element #53902, fields: Array
(
    [ACTIVE] => N
)

[15.10.2020 11:16:58] Updated element #53903, fields: Array
(
    [ACTIVE] => N
)

[15.10.2020 11:16:58] Updated element #53904, fields: Array
(
    [ACTIVE] => N
)

[15.10.2020 11:16:58] Updated element #53905, fields: Array
(
    [ACTIVE] => N
)

[15.10.2020 11:16:58] Updated element #53906, fields: Array
(
    [ACTIVE] => N
)

[15.10.2020 11:16:58] Updated element #53907, fields: Array
(
    [ACTIVE] => N
)

[15.10.2020 11:16:58] Updated element #53908, fields: Array
(
    [ACTIVE] => N
)

[15.10.2020 11:16:58] Updated element #53918, fields: Array
(
    [ACTIVE] => N
)

[15.10.2020 11:16:58] Updated element #53982, fields: Array
(
    [ACTIVE] => N
)

[15.10.2020 11:16:58] Updated element #53990, fields: Array
(
    [ACTIVE] => N
)

[15.10.2020 11:16:58] Updated element #53991, fields: Array
(
    [ACTIVE] => N
)

[15.10.2020 11:16:58] Updated element #54052, fields: Array
(
    [ACTIVE] => N
)

[15.10.2020 11:16:58] Updated element #54087, fields: Array
(
    [ACTIVE] => N
)

[15.10.2020 11:16:58] Updated element #54106, fields: Array
(
    [ACTIVE] => N
)

[15.10.2020 11:16:58] Updated element #54107, fields: Array
(
    [ACTIVE] => N
)

[15.10.2020 11:16:58] Updated element #54108, fields: Array
(
    [ACTIVE] => N
)

[15.10.2020 11:16:58] Updated element #54109, fields: Array
(
    [ACTIVE] => N
)

[15.10.2020 11:16:58] Updated element #54110, fields: Array
(
    [ACTIVE] => N
)

[15.10.2020 11:16:59] Updated element #54111, fields: Array
(
    [ACTIVE] => N
)

[15.10.2020 11:16:59] Updated element #54112, fields: Array
(
    [ACTIVE] => N
)

[15.10.2020 11:16:59] Updated element #54113, fields: Array
(
    [ACTIVE] => N
)

[15.10.2020 11:16:59] Updated element #54114, fields: Array
(
    [ACTIVE] => N
)

[15.10.2020 11:16:59] Updated element #54115, fields: Array
(
    [ACTIVE] => N
)

[15.10.2020 11:16:59] Updated element #54171, fields: Array
(
    [ACTIVE] => N
)

[15.10.2020 11:16:59] Updated element #54176, fields: Array
(
    [ACTIVE] => N
)

[15.10.2020 11:16:59] Updated element #54321, fields: Array
(
    [ACTIVE] => N
)

[15.10.2020 11:16:59] Updated element #54580, fields: Array
(
    [ACTIVE] => N
)

[15.10.2020 11:16:59] Updated element #54584, fields: Array
(
    [ACTIVE] => N
)

[15.10.2020 11:16:59] Updated element #54617, fields: Array
(
    [ACTIVE] => N
)

[15.10.2020 11:16:59] Updated element #54630, fields: Array
(
    [ACTIVE] => N
)

[15.10.2020 11:16:59] Updated element #54635, fields: Array
(
    [ACTIVE] => N
)

[15.10.2020 11:16:59] Updated element #54647, fields: Array
(
    [ACTIVE] => N
)

[15.10.2020 11:16:59] Updated element #54650, fields: Array
(
    [ACTIVE] => N
)

[15.10.2020 11:16:59] Updated element #54651, fields: Array
(
    [ACTIVE] => N
)

[15.10.2020 11:16:59] Updated element #54654, fields: Array
(
    [ACTIVE] => N
)

[15.10.2020 11:16:59] Updated element #54742, fields: Array
(
    [ACTIVE] => N
)

[15.10.2020 11:16:59] Updated element #54748, fields: Array
(
    [ACTIVE] => N
)

[15.10.2020 11:16:59] Updated element #54750, fields: Array
(
    [ACTIVE] => N
)

[15.10.2020 11:16:59] Updated element #54757, fields: Array
(
    [ACTIVE] => N
)

[15.10.2020 11:16:59] Updated element #54806, fields: Array
(
    [ACTIVE] => N
)

[15.10.2020 11:16:59] Updated element #54823, fields: Array
(
    [ACTIVE] => N
)

[15.10.2020 11:16:59] Updated element #54824, fields: Array
(
    [ACTIVE] => N
)

[15.10.2020 11:16:59] Updated element #54843, fields: Array
(
    [ACTIVE] => N
)

[15.10.2020 11:16:59] Updated element #54844, fields: Array
(
    [ACTIVE] => N
)

[15.10.2020 11:16:59] Updated element #54856, fields: Array
(
    [ACTIVE] => N
)

[15.10.2020 11:16:59] Updated element #54862, fields: Array
(
    [ACTIVE] => N
)

[15.10.2020 11:16:59] Updated element #54870, fields: Array
(
    [ACTIVE] => N
)

[15.10.2020 11:16:59] Updated element #54878, fields: Array
(
    [ACTIVE] => N
)

[15.10.2020 11:16:59] Updated element #54888, fields: Array
(
    [ACTIVE] => N
)

[15.10.2020 11:16:59] Updated element #54900, fields: Array
(
    [ACTIVE] => N
)

[15.10.2020 11:16:59] Updated element #54977, fields: Array
(
    [ACTIVE] => N
)

[15.10.2020 11:16:59] Updated element #54978, fields: Array
(
    [ACTIVE] => N
)

[15.10.2020 11:16:59] Updated element #54979, fields: Array
(
    [ACTIVE] => N
)

[15.10.2020 11:16:59] Updated element #54999, fields: Array
(
    [ACTIVE] => N
)

[15.10.2020 11:16:59] Updated element #55003, fields: Array
(
    [ACTIVE] => N
)

[15.10.2020 11:16:59] Updated element #55050, fields: Array
(
    [ACTIVE] => N
)

[15.10.2020 11:16:59] Updated element #55064, fields: Array
(
    [ACTIVE] => N
)

[15.10.2020 11:16:59] Updated element #55154, fields: Array
(
    [ACTIVE] => N
)

[15.10.2020 11:16:59] Updated element #55160, fields: Array
(
    [ACTIVE] => N
)

[15.10.2020 11:17:00] Updated element #55191, fields: Array
(
    [ACTIVE] => N
)

[15.10.2020 11:17:00] Updated element #55192, fields: Array
(
    [ACTIVE] => N
)

[15.10.2020 11:17:00] Updated element #55193, fields: Array
(
    [ACTIVE] => N
)

[15.10.2020 11:17:00] Updated element #55195, fields: Array
(
    [ACTIVE] => N
)

[15.10.2020 11:17:00] Updated element #55349, fields: Array
(
    [ACTIVE] => N
)

[15.10.2020 11:17:00] Updated element #55350, fields: Array
(
    [ACTIVE] => N
)

[15.10.2020 11:17:00] Updated element #55356, fields: Array
(
    [ACTIVE] => N
)

[15.10.2020 11:17:00] Updated element #55358, fields: Array
(
    [ACTIVE] => N
)

[15.10.2020 11:17:00] Updated element #55359, fields: Array
(
    [ACTIVE] => N
)

[15.10.2020 11:17:00] Updated element #55368, fields: Array
(
    [ACTIVE] => N
)

[15.10.2020 11:17:00] Updated element #55371, fields: Array
(
    [ACTIVE] => N
)

[15.10.2020 11:17:00] Updated element #55372, fields: Array
(
    [ACTIVE] => N
)

[15.10.2020 11:17:00] Updated element #55376, fields: Array
(
    [ACTIVE] => N
)

[15.10.2020 11:17:00] Updated element #55391, fields: Array
(
    [ACTIVE] => N
)

[15.10.2020 11:17:00] Updated element #55425, fields: Array
(
    [ACTIVE] => N
)

[15.10.2020 11:17:00] Updated element #55429, fields: Array
(
    [ACTIVE] => N
)

[15.10.2020 11:17:00] Updated element #55446, fields: Array
(
    [ACTIVE] => N
)

[15.10.2020 11:17:00] Updated element #55453, fields: Array
(
    [ACTIVE] => N
)

[15.10.2020 11:17:00] Updated element #55455, fields: Array
(
    [ACTIVE] => N
)

[15.10.2020 11:17:00] Updated element #55457, fields: Array
(
    [ACTIVE] => N
)

[15.10.2020 11:17:00] Updated element #55462, fields: Array
(
    [ACTIVE] => N
)

[15.10.2020 11:17:00] Updated element #55503, fields: Array
(
    [ACTIVE] => N
)

[15.10.2020 11:17:00] Updated element #55618, fields: Array
(
    [ACTIVE] => N
)

[15.10.2020 11:17:00] Updated element #55620, fields: Array
(
    [ACTIVE] => N
)

[15.10.2020 11:17:00] Updated element #55621, fields: Array
(
    [ACTIVE] => N
)

[15.10.2020 11:17:00] Updated element #55789, fields: Array
(
    [ACTIVE] => N
)

[15.10.2020 11:17:00] Updated element #55801, fields: Array
(
    [ACTIVE] => N
)

[15.10.2020 11:17:00] Updated element #55802, fields: Array
(
    [ACTIVE] => N
)

[15.10.2020 11:17:00] Updated element #55803, fields: Array
(
    [ACTIVE] => N
)

[15.10.2020 11:17:00] Updated element #55927, fields: Array
(
    [ACTIVE] => N
)

[15.10.2020 11:17:00] Updated element #55933, fields: Array
(
    [ACTIVE] => N
)

[15.10.2020 11:17:00] Updated element #56094, fields: Array
(
    [ACTIVE] => N
)

[15.10.2020 11:17:00] Updated element #56095, fields: Array
(
    [ACTIVE] => N
)

[15.10.2020 11:17:00] Updated element #56104, fields: Array
(
    [ACTIVE] => N
)

[15.10.2020 11:17:00] Updated element #56109, fields: Array
(
    [ACTIVE] => N
)

[15.10.2020 11:17:00] Updated element #56121, fields: Array
(
    [ACTIVE] => N
)

[15.10.2020 11:17:00] Updated element #56173, fields: Array
(
    [ACTIVE] => N
)

[15.10.2020 11:17:00] Updated element #56292, fields: Array
(
    [ACTIVE] => N
)

[15.10.2020 11:17:00] Updated element #56296, fields: Array
(
    [ACTIVE] => N
)

[15.10.2020 11:17:00] Updated element #56317, fields: Array
(
    [ACTIVE] => N
)

[15.10.2020 11:17:00] Updated element #56328, fields: Array
(
    [ACTIVE] => N
)

[15.10.2020 11:17:00] Updated element #56343, fields: Array
(
    [ACTIVE] => N
)

[15.10.2020 11:17:00] Updated element #56384, fields: Array
(
    [ACTIVE] => N
)

[15.10.2020 11:17:01] Updated element #56386, fields: Array
(
    [ACTIVE] => N
)

[15.10.2020 11:17:01] Updated element #56388, fields: Array
(
    [ACTIVE] => N
)

[15.10.2020 11:17:01] Updated element #56395, fields: Array
(
    [ACTIVE] => N
)

[15.10.2020 11:17:01] Updated element #56433, fields: Array
(
    [ACTIVE] => N
)

[15.10.2020 11:17:01] Updated element #56441, fields: Array
(
    [ACTIVE] => N
)

[15.10.2020 11:17:01] Updated element #56463, fields: Array
(
    [ACTIVE] => N
)

[15.10.2020 11:17:01] Updated element #56465, fields: Array
(
    [ACTIVE] => N
)

[15.10.2020 11:17:01] Updated element #56468, fields: Array
(
    [ACTIVE] => N
)

[15.10.2020 11:17:01] Updated element #56512, fields: Array
(
    [ACTIVE] => N
)

[15.10.2020 11:17:01] Updated element #56526, fields: Array
(
    [ACTIVE] => N
)

[15.10.2020 11:17:01] Updated element #56529, fields: Array
(
    [ACTIVE] => N
)

[15.10.2020 11:17:01] Updated element #56534, fields: Array
(
    [ACTIVE] => N
)

[15.10.2020 11:17:01] Updated element #56566, fields: Array
(
    [ACTIVE] => N
)

[15.10.2020 11:17:01] Updated element #56759, fields: Array
(
    [ACTIVE] => N
)

[15.10.2020 11:17:01] Updated element #56761, fields: Array
(
    [ACTIVE] => N
)

[15.10.2020 11:17:01] Updated element #56764, fields: Array
(
    [ACTIVE] => N
)

[15.10.2020 11:17:01] Updated element #56791, fields: Array
(
    [ACTIVE] => N
)

[15.10.2020 11:17:01] Updated element #56794, fields: Array
(
    [ACTIVE] => N
)

[15.10.2020 11:17:01] Updated element #56795, fields: Array
(
    [ACTIVE] => N
)

[15.10.2020 11:17:01] Updated element #56804, fields: Array
(
    [ACTIVE] => N
)

[15.10.2020 11:17:01] Updated element #56811, fields: Array
(
    [ACTIVE] => N
)

[15.10.2020 11:17:01] Updated element #56814, fields: Array
(
    [ACTIVE] => N
)

[15.10.2020 11:17:02] Updated element #56818, fields: Array
(
    [ACTIVE] => N
)

[15.10.2020 11:17:02] Updated element #56819, fields: Array
(
    [ACTIVE] => N
)

[15.10.2020 11:17:02] Updated element #56826, fields: Array
(
    [ACTIVE] => N
)

[15.10.2020 11:17:04] Updated element #56830, fields: Array
(
    [ACTIVE] => N
)

[15.10.2020 11:17:04] Updated element #56856, fields: Array
(
    [ACTIVE] => N
)

[15.10.2020 11:17:04] Updated element #56860, fields: Array
(
    [ACTIVE] => N
)

[15.10.2020 11:17:04] Updated element #56865, fields: Array
(
    [ACTIVE] => N
)

[15.10.2020 11:17:04] Updated element #56870, fields: Array
(
    [ACTIVE] => N
)

[15.10.2020 11:17:04] Updated element #56871, fields: Array
(
    [ACTIVE] => N
)

[15.10.2020 11:17:04] Updated element #56880, fields: Array
(
    [ACTIVE] => N
)

[15.10.2020 11:17:04] Updated element #56895, fields: Array
(
    [ACTIVE] => N
)

[15.10.2020 11:17:04] Updated element #56896, fields: Array
(
    [ACTIVE] => N
)

[15.10.2020 11:17:04] Updated element #56907, fields: Array
(
    [ACTIVE] => N
)

[15.10.2020 11:17:04] Updated element #56909, fields: Array
(
    [ACTIVE] => N
)

[15.10.2020 11:17:04] Updated element #56910, fields: Array
(
    [ACTIVE] => N
)

[15.10.2020 11:17:04] Updated element #56919, fields: Array
(
    [ACTIVE] => N
)

[15.10.2020 11:17:04] Updated element #56925, fields: Array
(
    [ACTIVE] => N
)

[15.10.2020 11:17:04] Updated element #56928, fields: Array
(
    [ACTIVE] => N
)

[15.10.2020 11:17:05] Updated element #56935, fields: Array
(
    [ACTIVE] => N
)

[15.10.2020 11:17:05] Updated element #56937, fields: Array
(
    [ACTIVE] => N
)

[15.10.2020 11:17:05] Updated element #56938, fields: Array
(
    [ACTIVE] => N
)

[15.10.2020 11:17:05] Updated element #56939, fields: Array
(
    [ACTIVE] => N
)

[15.10.2020 11:17:05] Updated element #56940, fields: Array
(
    [ACTIVE] => N
)

[15.10.2020 11:17:05] Updated element #56942, fields: Array
(
    [ACTIVE] => N
)

[15.10.2020 11:17:05] Updated element #56947, fields: Array
(
    [ACTIVE] => N
)

[15.10.2020 11:17:05] Updated element #56975, fields: Array
(
    [ACTIVE] => N
)

[15.10.2020 11:17:05] Updated element #56976, fields: Array
(
    [ACTIVE] => N
)

[15.10.2020 11:17:05] Updated element #56997, fields: Array
(
    [ACTIVE] => N
)

[15.10.2020 11:17:05] Updated element #57023, fields: Array
(
    [ACTIVE] => N
)

[15.10.2020 11:17:05] Updated element #57031, fields: Array
(
    [ACTIVE] => N
)

[15.10.2020 11:17:05] Updated element #57042, fields: Array
(
    [ACTIVE] => N
)

[15.10.2020 11:17:05] Updated element #57050, fields: Array
(
    [ACTIVE] => N
)

[15.10.2020 11:17:05] Updated element #57051, fields: Array
(
    [ACTIVE] => N
)

[15.10.2020 11:17:05] Updated element #57055, fields: Array
(
    [ACTIVE] => N
)

[15.10.2020 11:17:05] Updated element #57060, fields: Array
(
    [ACTIVE] => N
)

[15.10.2020 11:17:05] Updated element #57062, fields: Array
(
    [ACTIVE] => N
)

[15.10.2020 11:17:05] Updated element #57068, fields: Array
(
    [ACTIVE] => N
)

[15.10.2020 11:17:05] Updated element #57069, fields: Array
(
    [ACTIVE] => N
)

[15.10.2020 11:17:05] Updated element #57072, fields: Array
(
    [ACTIVE] => N
)

[15.10.2020 11:17:05] Updated element #57076, fields: Array
(
    [ACTIVE] => N
)

[15.10.2020 11:17:05] Updated element #57085, fields: Array
(
    [ACTIVE] => N
)

[15.10.2020 11:17:05] Updated element #57088, fields: Array
(
    [ACTIVE] => N
)

[15.10.2020 11:17:05] Updated element #57128, fields: Array
(
    [ACTIVE] => N
)

[15.10.2020 11:17:05] Updated element #57131, fields: Array
(
    [ACTIVE] => N
)

[15.10.2020 11:17:05] Updated element #57170, fields: Array
(
    [ACTIVE] => N
)

[15.10.2020 11:17:05] Updated element #57172, fields: Array
(
    [ACTIVE] => N
)

[15.10.2020 11:17:05] Updated element #57190, fields: Array
(
    [ACTIVE] => N
)

[15.10.2020 11:17:05] Updated element #57212, fields: Array
(
    [ACTIVE] => N
)

[15.10.2020 11:17:05] Updated element #57248, fields: Array
(
    [ACTIVE] => N
)

[15.10.2020 11:17:05] Updated element #57251, fields: Array
(
    [ACTIVE] => N
)

[15.10.2020 11:17:05] Updated element #57265, fields: Array
(
    [ACTIVE] => N
)

[15.10.2020 11:17:05] Updated element #57281, fields: Array
(
    [ACTIVE] => N
)

[15.10.2020 11:17:05] Updated element #57282, fields: Array
(
    [ACTIVE] => N
)

[15.10.2020 11:17:05] Updated element #57286, fields: Array
(
    [ACTIVE] => N
)

[15.10.2020 11:17:05] Updated element #57305, fields: Array
(
    [ACTIVE] => N
)

[15.10.2020 11:17:06] Updated element #57306, fields: Array
(
    [ACTIVE] => N
)

[15.10.2020 11:17:06] Updated element #57308, fields: Array
(
    [ACTIVE] => N
)

[15.10.2020 11:17:06] Updated element #57309, fields: Array
(
    [ACTIVE] => N
)

[15.10.2020 11:17:06] Updated element #57310, fields: Array
(
    [ACTIVE] => N
)

[15.10.2020 11:17:06] Updated element #57314, fields: Array
(
    [ACTIVE] => N
)

[15.10.2020 11:17:06] Updated element #57347, fields: Array
(
    [ACTIVE] => N
)

[15.10.2020 11:17:06] Updated element #57416, fields: Array
(
    [ACTIVE] => N
)

[15.10.2020 11:17:06] Updated element #57427, fields: Array
(
    [ACTIVE] => N
)

[15.10.2020 11:17:06] Updated element #57435, fields: Array
(
    [ACTIVE] => N
)

[15.10.2020 11:17:06] Updated element #57440, fields: Array
(
    [ACTIVE] => N
)

[15.10.2020 11:17:06] Updated element #65443, fields: Array
(
    [ACTIVE] => N
)

[15.10.2020 11:17:06] Updated element #65444, fields: Array
(
    [ACTIVE] => N
)

[15.10.2020 11:17:06] Updated element #65445, fields: Array
(
    [ACTIVE] => N
)

[15.10.2020 11:17:06] Updated element #65451, fields: Array
(
    [ACTIVE] => N
)

[15.10.2020 11:17:06] Updated element #65454, fields: Array
(
    [ACTIVE] => N
)

[15.10.2020 11:17:06] Updated element #65458, fields: Array
(
    [ACTIVE] => N
)

[15.10.2020 11:17:06] Updated element #65473, fields: Array
(
    [ACTIVE] => N
)

[15.10.2020 11:17:06] Updated element #65518, fields: Array
(
    [ACTIVE] => N
)

[15.10.2020 11:17:06] Updated element #65519, fields: Array
(
    [ACTIVE] => N
)

[15.10.2020 11:17:06] Updated element #65536, fields: Array
(
    [ACTIVE] => N
)

[15.10.2020 11:17:06] Updated element #65537, fields: Array
(
    [ACTIVE] => N
)

[15.10.2020 11:17:06] Updated element #65540, fields: Array
(
    [ACTIVE] => N
)

[15.10.2020 11:17:06] Updated element #65541, fields: Array
(
    [ACTIVE] => N
)

[15.10.2020 11:17:06] Updated element #65553, fields: Array
(
    [ACTIVE] => N
)

[15.10.2020 11:17:06] Updated element #65564, fields: Array
(
    [ACTIVE] => N
)

[15.10.2020 11:17:06] Updated element #65579, fields: Array
(
    [ACTIVE] => N
)

[15.10.2020 11:17:06] Updated element #65591, fields: Array
(
    [ACTIVE] => N
)

[15.10.2020 11:17:06] Updated element #65606, fields: Array
(
    [ACTIVE] => N
)

[15.10.2020 11:17:06] Updated element #65622, fields: Array
(
    [ACTIVE] => N
)

[15.10.2020 11:17:06] Updated element #65641, fields: Array
(
    [ACTIVE] => N
)

[15.10.2020 11:17:06] Updated element #65649, fields: Array
(
    [ACTIVE] => N
)

[15.10.2020 11:17:06] Updated element #65673, fields: Array
(
    [ACTIVE] => N
)

[15.10.2020 11:17:06] Updated element #65676, fields: Array
(
    [ACTIVE] => N
)

[15.10.2020 11:17:06] Updated element #65682, fields: Array
(
    [ACTIVE] => N
)

[15.10.2020 11:17:06] Updated element #65695, fields: Array
(
    [ACTIVE] => N
)

[15.10.2020 11:17:06] Updated element #65712, fields: Array
(
    [ACTIVE] => N
)

[15.10.2020 11:17:06] Updated element #65714, fields: Array
(
    [ACTIVE] => N
)

[15.10.2020 11:17:06] Updated element #65715, fields: Array
(
    [ACTIVE] => N
)

[15.10.2020 11:17:06] Updated element #65745, fields: Array
(
    [ACTIVE] => N
)

[15.10.2020 11:17:06] Updated element #65747, fields: Array
(
    [ACTIVE] => N
)

[15.10.2020 11:17:07] Updated element #65748, fields: Array
(
    [ACTIVE] => N
)

[15.10.2020 11:17:07] Updated element #65757, fields: Array
(
    [ACTIVE] => N
)

[15.10.2020 11:17:07] Updated element #65761, fields: Array
(
    [ACTIVE] => N
)

[15.10.2020 11:17:07] Updated element #65773, fields: Array
(
    [ACTIVE] => N
)

[15.10.2020 11:17:07] Updated element #65774, fields: Array
(
    [ACTIVE] => N
)

[15.10.2020 11:17:07] Updated element #65775, fields: Array
(
    [ACTIVE] => N
)

[15.10.2020 11:17:07] Updated element #65791, fields: Array
(
    [ACTIVE] => N
)

[15.10.2020 11:17:07] Updated element #65794, fields: Array
(
    [ACTIVE] => N
)

[15.10.2020 11:17:07] Updated element #65801, fields: Array
(
    [ACTIVE] => N
)

[15.10.2020 11:17:07] Updated element #65824, fields: Array
(
    [ACTIVE] => N
)

[15.10.2020 11:17:07] Updated element #65840, fields: Array
(
    [ACTIVE] => N
)

[15.10.2020 11:17:07] Updated element #65873, fields: Array
(
    [ACTIVE] => N
)

[15.10.2020 11:17:07] Updated element #65878, fields: Array
(
    [ACTIVE] => N
)

[15.10.2020 11:17:07] Updated element #65879, fields: Array
(
    [ACTIVE] => N
)

[15.10.2020 11:17:07] Updated element #65892, fields: Array
(
    [ACTIVE] => N
)

